Arguments: 
  /Users/andre.junqueira/.nvm/versions/node/v16.3.0/bin/node /Users/andre.junqueira/.nvm/versions/node/v16.3.0/bin/yarn add file:/Users/andre.junqueira/workspace/either_js/dist/index.js

PATH: 
  /Users/andre.junqueira/.rvm/gems/ruby-3.0.0/bin:/Users/andre.junqueira/.rvm/gems/ruby-3.0.0@global/bin:/Users/andre.junqueira/.rvm/rubies/ruby-3.0.0/bin:/usr/local/opt/openssl@1.1/bin:/Users/andre.junqueira/.cache/rebar3/bin:/Users/andre.junqueira/.nvm/versions/node/v16.3.0/bin:/usr/local/bin:/System/Cryptexes/App/usr/bin:/usr/bin:/bin:/usr/sbin:/sbin:/Library/Apple/usr/bin:/Users/andre.junqueira/.rvm/gems/ruby-3.0.0/bin:/Users/andre.junqueira/.rvm/gems/ruby-3.0.0@global/bin:/Users/andre.junqueira/.rvm/rubies/ruby-3.0.0/bin:/usr/local/opt/openssl@1.1/bin:/Users/andre.junqueira/.cache/rebar3/bin:/Users/andre.junqueira/.nvm/versions/node/v16.3.0/bin:/Users/andre.junqueira/Library/Android/sdk/emulator:/Users/andre.junqueira/Library/Android/sdk/tools:/Users/andre.junqueira/Library/Android/sdk/tools/bin:/Users/andre.junqueira/Library/Android/sdk/platform-tools:/Users/andre.junqueira/flutter/bin:/Users/andre.junqueira/.rvm/bin:/Users/andre.junqueira/Library/Android/sdk/emulator:/Users/andre.junqueira/Library/Android/sdk/tools:/Users/andre.junqueira/Library/Android/sdk/tools/bin:/Users/andre.junqueira/Library/Android/sdk/platform-tools:/Users/andre.junqueira/flutter/bin:/Users/andre.junqueira/.rvm/bin

Yarn version: 
  1.22.10

Node version: 
  16.3.0

Platform: 
  darwin x64

Trace: 
  Error: ENOTDIR: not a directory, scandir '/Users/andre.junqueira/Library/Caches/Yarn/v6/npm-sers-andre-junqueira-workspace-either-js-dist-0.0.0-06e713ed-dd07-4606-9cf3-85f2c8597b0d-1681939523289/node_modules/Users/andre.junqueira/workspace/either_js/dist'

npm manifest: 
  {
    "name": "example",
    "version": "1.0.0",
    "description": "",
    "main": "index.js",
    "type": "module",
    "scripts": {
      "test": "echo \"Error: no test specified\" && exit 1"
    },
    "keywords": [],
    "author": "",
    "license": "ISC",
    "dependencies": {
      "@andrejunqueira/either_js": "^1.0.0"
    }
  }

yarn manifest: 
  No manifest

Lockfile: 
  # THIS IS AN AUTOGENERATED FILE. DO NOT EDIT THIS FILE DIRECTLY.
  # yarn lockfile v1
  
  
  "@andrejunqueira/either_js@^1.0.0":
    version "1.0.0"
    resolved "https://registry.yarnpkg.com/@andrejunqueira/either_js/-/either_js-1.0.0.tgz#c97b88bce9b4a9aff75d7a65d99ca0e4aaae25f2"
    integrity sha512-a1rDMnSEX6FhoYWK/SKCRrGTnt9MJv0dy3DBmIvJLgyYPnXF7FGk13Q6fT40cLBq8IIHdp4BkqGHHPFCNIM83A==
    dependencies:
      typescript "^5.0.3"
  
  typescript@^5.0.3:
    version "5.0.4"
    resolved "https://registry.yarnpkg.com/typescript/-/typescript-5.0.4.tgz#b217fd20119bd61a94d4011274e0ab369058da3b"
    integrity sha512-cW9T5W9xY37cc+jfEnaUvX91foxtHkza3Nw3wkoF4sSlKn0MONdkdEndig/qPBWXNkmplh3NzayQzCiHM4/hqw==
